<?xml version="1.0" encoding="UTF-8"?>
<Site BuildName="Linux-g++"
	BuildStamp="20240218-0129-Experimental"
	Name="adm"
	Generator="ctest-3.27.4"
	CompilerName="/usr/bin/g++"
	CompilerVersion="13.2.0"
	OSName="Linux"
	Hostname="adm"
	OSRelease="6.5.0-17-generic"
	OSVersion="#17-Ubuntu SMP PREEMPT_DYNAMIC Thu Jan 11 14:01:59 UTC 2024"
	OSPlatform="x86_64"
	Is64Bits="1"
	VendorString="GenuineIntel"
	VendorID="Intel Corporation"
	FamilyID="6"
	ModelID="62"
	ProcessorCacheSize="20480"
	NumberOfLogicalCPU="5"
	NumberOfPhysicalCPU="5"
	TotalVirtualMemory="3905"
	TotalPhysicalMemory="3906"
	LogicalProcessorsPerPhysical="1"
	ProcessorClockFrequency="2594.11"
	>
	<Testing>
		<StartDateTime>Feb 18 18:00 MSK</StartDateTime>
		<StartTestTime>1708268448</StartTestTime>
		<TestList/>
		<EndDateTime>Feb 18 18:00 MSK</EndDateTime>
		<EndTestTime>1708268448</EndTestTime>
		<ElapsedMinutes>0</ElapsedMinutes>
	</Testing>
</Site>
